<?xml version="1.0" encoding="UTF-8"?>
<testsuite xmlns:xsi="http://www.w3.org/2001/XMLSchema-instance" xsi:noNamespaceSchemaLocation="https://maven.apache.org/surefire/maven-surefire-plugin/xsd/surefire-test-report-3.0.xsd" version="3.0" name="TestRunner.Testrunner" time="7.963" tests="1" errors="0" skipped="0" failures="0">
  <properties>
[...]
</properties>
  <testcase name="runScenario[&quot;Validate form functionality&quot;, &quot;simple form&quot;](1)" classname="TestRunner.Testrunner" time="5.072">
    <system-out><![CDATA[
Scenario: Validate form functionality                                                    # src/test/resources/features/simpleform.feature:2
  Given User navigate to the page "https://v1.training-support.net/selenium/simple-form" # stepdefinitions.formsteps.user_navigate_to_the_page(java.lang.String)
  When User enter first name "Jagadish" in the firstname field                           # stepdefinitions.formsteps.user_enter_first_name_in_the_firstname_field(java.lang.String)
  And User enter last name "Moharana" in the lastname field                              # stepdefinitions.formsteps.user_enter_last_name_in_the_lastname_field(java.lang.String)
  And User enter email "jagadish@gmail.com" in the email field                           # stepdefinitions.formsteps.user_enter_email_in_the_email_field(java.lang.String)
  And User enter contact number "1234567899" in the contact number field                 # stepdefinitions.formsteps.user_enter_contact_number_in_the_contact_number_field(java.lang.String)
  And User enter message "Hii i am a Tester" in the message field                        # stepdefinitions.formsteps.user_enter_message_in_the_message_field(java.lang.String)
  And User click on the submit button                                                    # stepdefinitions.formsteps.user_click_on_the_submit_button()
  Then User should receive "Thank You for reaching out to us" alert message              # stepdefinitions.formsteps.user_should_receive_alert_message(java.lang.String)
]]></system-out>
    <system-err><![CDATA[SLF4J: Failed to load class "org.slf4j.impl.StaticLoggerBinder".
SLF4J: Defaulting to no-operation (NOP) logger implementation
SLF4J: See http://www.slf4j.org/codes.html#StaticLoggerBinder for further details.
Dec 20, 2024 9:10:50 PM org.openqa.selenium.devtools.CdpVersionFinder findNearestMatch
WARNING: Unable to find an exact match for CDP version 131, returning the closest version; found: 130; Please update to a Selenium version that supports CDP version 131
]]></system-err>
  </testcase>
</testsuite>